#
# A fatal error has been detected by the Java Runtime Environment:
#
#  Internal Error (classFileParser.cpp:3494), pid=2700, tid=14260
#  Error: ShouldNotReachHere()
#
# JRE version: 6.0_30-b12
# Java VM: Java HotSpot(TM) Client VM (20.5-b03 mixed mode windows-x86 )
# If you would like to submit a bug report, please visit:
#   http://java.sun.com/webapps/bugreport/crash.jsp
#

---------------  T H R E A D  ---------------

Current thread (0x027ea000):  JavaThread "Unknown thread" [_thread_in_vm, id=14260, stack(0x00280000,0x002d0000)]

Stack: [0x00280000,0x002d0000],  sp=0x002cf86c,  free space=318k
Native frames: (J=compiled Java code, j=interpreted, Vv=VM code, C=native code)
V  [jvm.dll+0x1335ca]
V  [jvm.dll+0x12e57b]
V  [jvm.dll+0x1639e]
V  [jvm.dll+0x17bdf]
V  [jvm.dll+0x26cc5]
V  [jvm.dll+0x27506]
V  [jvm.dll+0x278b5]
V  [jvm.dll+0x27949]
V  [jvm.dll+0x27a0c]
V  [jvm.dll+0x27a8a]
V  [jvm.dll+0x27b6d]
V  [jvm.dll+0x27e39]
V  [jvm.dll+0x6c383]
V  [jvm.dll+0x6c75c]
V  [jvm.dll+0xf9b4c]
V  [jvm.dll+0x11848b]
V  [jvm.dll+0x9eb60]
C  [javaw.exe+0x1657]
C  [javaw.exe+0x1e2c]
C  [javaw.exe+0x8614]
C  [kernel32.dll+0x133aa]  BaseThreadInitThunk+0x12
C  [ntdll.dll+0x39ef2]  RtlInitializeExceptionChain+0x63
C  [ntdll.dll+0x39ec5]  RtlInitializeExceptionChain+0x36


---------------  P R O C E S S  ---------------

Java Threads: ( => current thread )

Other Threads:

=>0x027ea000 (exited) JavaThread "Unknown thread" [_thread_in_vm, id=14260, stack(0x00280000,0x002d0000)]

VM state:not at safepoint (not fully initialized)

VM Mutex/Monitor currently owned by a thread: None

Dynamic libraries:
0x00400000 - 0x00425000 	C:\Program Files (x86)\Java\jre6\bin\javaw.exe
0x77680000 - 0x77800000 	C:\windows\SysWOW64\ntdll.dll
0x768e0000 - 0x769f0000 	C:\windows\syswow64\kernel32.dll
0x76ea0000 - 0x76ee7000 	C:\windows\syswow64\KERNELBASE.dll
0x76e00000 - 0x76ea0000 	C:\windows\syswow64\ADVAPI32.dll
0x75450000 - 0x754fc000 	C:\windows\syswow64\msvcrt.dll
0x75760000 - 0x75779000 	C:\windows\SysWOW64\sechost.dll
0x75240000 - 0x75330000 	C:\windows\syswow64\RPCRT4.dll
0x751e0000 - 0x75240000 	C:\windows\syswow64\SspiCli.dll
0x751d0000 - 0x751dc000 	C:\windows\syswow64\CRYPTBASE.dll
0x77180000 - 0x77280000 	C:\windows\syswow64\USER32.dll
0x766d0000 - 0x76760000 	C:\windows\syswow64\GDI32.dll
0x76c50000 - 0x76c5a000 	C:\windows\syswow64\LPK.dll
0x76a40000 - 0x76add000 	C:\windows\syswow64\USP10.dll
0x76880000 - 0x768e0000 	C:\windows\system32\IMM32.DLL
0x75340000 - 0x7540c000 	C:\windows\syswow64\MSCTF.dll
0x7c340000 - 0x7c396000 	C:\Program Files (x86)\Java\jre6\bin\msvcr71.dll
0x6d7f0000 - 0x6da9f000 	C:\Program Files (x86)\Java\jre6\bin\client\jvm.dll
0x726e0000 - 0x72712000 	C:\windows\system32\WINMM.dll
0x74c00000 - 0x74c4c000 	C:\windows\system32\apphelp.dll
0x6d7a0000 - 0x6d7ac000 	C:\Program Files (x86)\Java\jre6\bin\verify.dll
0x6d320000 - 0x6d33f000 	C:\Program Files (x86)\Java\jre6\bin\java.dll
0x6d7e0000 - 0x6d7ef000 	C:\Program Files (x86)\Java\jre6\bin\zip.dll
0x769f0000 - 0x769f5000 	C:\windows\system32\PSAPI.DLL

VM Arguments:
jvm_args: -Dfile.encoding=Cp1252 -Xbootclasspath:C:\Android\android-sdk\platforms\android-17\android.jar 
java_command: com.alamsz.inc.expensetracker.utility.FormatHelper
Launcher Type: SUN_STANDARD

Environment Variables:
JAVA_HOME=C:\Program Files (x86)\Java\jdk1.6.0_21
CLASSPATH=C:\STAF\samples\demo\STAFDemo.jar;C:\STAF\bin\JSTAF.jar;.;C:\Program Files (x86)\Java\jre6\lib\ext\QTJava.zip
PATH=C:/Program Files (x86)/Java/jre6/bin/client;C:/Program Files (x86)/Java/jre6/bin;C:/Program Files (x86)/Java/jre6/lib/i386;C:\STAF\bin;C:\Program Files (x86)\AMD APP\bin\x86_64;C:\Program Files (x86)\AMD APP\bin\x86;C:\Program Files\Common Files\Microsoft Shared\Windows Live;C:\Program Files (x86)\Common Files\Microsoft Shared\Windows Live;C:\windows\system32;C:\windows;C:\windows\System32\Wbem;C:\windows\System32\WindowsPowerShell\v1.0\;C:\Program Files (x86)\Windows Live\Shared;C:\Program Files (x86)\ATI Technologies\ATI.ACE\Core-Static;C:\Program Files (x86)\Intel\Services\IPT\;C:\Program Files (x86)\Microsoft SQL Server\100\Tools\Binn\;C:\Program Files\Microsoft SQL Server\100\Tools\Binn\;C:\Program Files\Microsoft SQL Server\100\DTS\Binn\;C:\Program Files (x86)\Microsoft SQL Server\100\Tools\Binn\VSShell\Common7\IDE\;C:\Program Files (x86)\Java\jdk1.6.0_21\bin;C:\ANT\apache-ant-1.7.1\bin;C:\Program Files (x86)\Microsoft Visual Studio 9.0\Common7\IDE\PrivateAssemblies\;C:\Program Files (x86)\Microsoft SQL Server\100\DTS\Binn\;C:\Program Files (x86)\QuickTime\QTSystem\;C:\Android\android-sdk\platform-tools;C:\Android\android-sdk\tools;c:\apache_maven\bin;C:\Program Files\SourceGear\Common\DiffMerge\;C:\Python27\python.exe,C:\PROGRA~2\cvsnt;C:\Program Files (x86)\CVSNT\;D:\C_MMSProjects\EclipseHelios\eclipse;
USERNAME=AchmadA
OS=Windows_NT
PROCESSOR_IDENTIFIER=Intel64 Family 6 Model 42 Stepping 7, GenuineIntel



---------------  S Y S T E M  ---------------

OS: Windows 7 , 64 bit Build 7601 Service Pack 1

CPU:total 4 (2 cores per cpu, 2 threads per core) family 6 model 42 stepping 7, cmov, cx8, fxsr, mmx, sse, sse2, sse3, ssse3, sse4.1, sse4.2, popcnt, ht

Memory: 4k page, physical 4127088k(1437320k free), swap 8252320k(3631552k free)

vm_info: Java HotSpot(TM) Client VM (20.5-b03) for windows-x86 JRE (1.6.0_30-b12), built on Nov 10 2011 01:51:00 by "java_re" with MS VC++ 7.1 (VS2003)

time: Fri Jun 28 02:58:39 2013
elapsed time: 0 seconds

